#
# There is insufficient memory for the Java Runtime Environment to continue.
# Native memory allocation (mmap) failed to map 123731968 bytes for G1 virtual space
# Possible reasons:
#   The system is out of physical RAM or swap space
#   The process is running with CompressedOops enabled, and the Java Heap may be blocking the growth of the native heap
# Possible solutions:
#   Reduce memory load on the system
#   Increase physical memory or swap space
#   Check if swap backing store is full
#   Decrease Java heap size (-Xmx/-Xms)
#   Decrease number of Java threads
#   Decrease Java thread stack sizes (-Xss)
#   Set larger code cache with -XX:ReservedCodeCacheSize=
#   JVM is running with Unscaled Compressed Oops mode in which the Java heap is
#     placed in the first 4GB address space. The Java Heap base address is the
#     maximum limit for the native heap growth. Please use -XX:HeapBaseMinAddress
#     to set the Java Heap base and to place the Java Heap above 4GB virtual address.
# This output file may be truncated or incomplete.
#
#  Out of Memory Error (os_windows.cpp:3600), pid=18036, tid=4380
#
# JRE version:  (21.0.2+13) (build )
# Java VM: OpenJDK 64-Bit Server VM (21.0.2+13-LTS, mixed mode, sharing, tiered, compressed oops, compressed class ptrs, g1 gc, windows-amd64)
# No core dump will be written. Minidumps are not enabled by default on client versions of Windows
#

---------------  S U M M A R Y ------------

Command Line: -ea --add-opens=CCC/test=org.junit.platform.commons,ALL-UNNAMED --add-modules=ALL-MODULE-PATH -Dfile.encoding=UTF-8 -Dstdout.encoding=UTF-8 -Dstderr.encoding=UTF-8 --module-path=C:\Users\HP\.p2\pool\plugins\junit-jupiter-api_5.11.0.jar;C:\Users\HP\.p2\pool\plugins\junit-jupiter-engine_5.11.0.jar;C:\Users\HP\.p2\pool\plugins\junit-jupiter-migrationsupport_5.11.0.jar;C:\Users\HP\.p2\pool\plugins\junit-jupiter-params_5.11.0.jar;C:\Users\HP\.p2\pool\plugins\junit-platform-commons_1.11.0.jar;C:\Users\HP\.p2\pool\plugins\junit-platform-engine_1.11.0.jar;C:\Users\HP\.p2\pool\plugins\junit-platform-launcher_1.11.0.jar;C:\Users\HP\.p2\pool\plugins\junit-platform-runner_1.11.0.jar;C:\Users\HP\.p2\pool\plugins\junit-platform-suite-api_1.11.0.jar;C:\Users\HP\.p2\pool\plugins\junit-platform-suite-engine_1.11.0.jar;C:\Users\HP\.p2\pool\plugins\junit-platform-suite-commons_1.11.0.jar;C:\Users\HP\.p2\pool\plugins\junit-vintage-engine_5.11.0.jar;C:\Users\HP\.p2\pool\plugins\org.opentest4j_1.3.0.jar;C:\Users\HP\.p2\pool\plugins\org.apiguardian.api_1.1.2.jar;C:\Users\HP\.p2\pool\plugins\org.junit_4.13.2.v20230809-1000.jar;C:\Users\HP\.p2\pool\plugins\org.hamcrest_3.0.0.jar;C:\Users\HP\.p2\pool\plugins\org.hamcrest.core_2.2.0.v20230809-1000.jar;C:\Users\HP\git\repository\CCCP\bin;D:\HP\Downloads\mockito-core-5.15.2.jar;D:\HP\Downloads\byte-buddy-1.15.11.jar;D:\HP\Downloads\byte-buddy-agent-1.15.11.jar -XX:+ShowCodeDetailsInExceptionMessages org.eclipse.jdt.internal.junit.runner.RemoteTestRunner -version 3 -port 55775 -testLoaderClass org.eclipse.jdt.internal.junit5.runner.JUnit5TestLoader -loaderpluginname org.eclipse.jdt.junit5.runtime -classNames test.ProductControllerTest

Host: AMD Ryzen 7 5700U with Radeon Graphics         , 16 cores, 7G,  Windows 11 , 64 bit Build 22621 (10.0.22621.4391)
Time: Wed Jan 22 19:30:05 2025 Sri Lanka Standard Time elapsed time: 0.114148 seconds (0d 0h 0m 0s)

---------------  T H R E A D  ---------------

Current thread (0x00000216bf332d80):  JavaThread "Unknown thread" [_thread_in_vm, id=4380, stack(0x000000f491300000,0x000000f491400000) (1024K)]

Stack: [0x000000f491300000,0x000000f491400000]
Native frames: (J=compiled Java code, j=interpreted, Vv=VM code, C=native code)
V  [jvm.dll+0x6c94f9]
V  [jvm.dll+0x8a3c21]
V  [jvm.dll+0x8a614e]
V  [jvm.dll+0x8a6823]
V  [jvm.dll+0x27fa86]
V  [jvm.dll+0x6c5c75]
V  [jvm.dll+0x6ba96a]
V  [jvm.dll+0x35398a]
V  [jvm.dll+0x35b536]
V  [jvm.dll+0x3ac6be]
V  [jvm.dll+0x3ac968]
V  [jvm.dll+0x327bcc]
V  [jvm.dll+0x32872b]
V  [jvm.dll+0x86ccf9]
V  [jvm.dll+0x3b96c1]
V  [jvm.dll+0x854ec8]
V  [jvm.dll+0x44d44e]
V  [jvm.dll+0x44eed1]
C  [jli.dll+0x5278]
C  [ucrtbase.dll+0x29333]
C  [KERNEL32.DLL+0x1259d]
C  [ntdll.dll+0x5af38]


---------------  P R O C E S S  ---------------

Threads class SMR info:
_java_thread_list=0x00007ff9b2ebf088, length=0, elements={
}

Java Threads: ( => current thread )
Total: 0

Other Threads:
  0x00000216c15cf010 WorkerThread "GC Thread#0"                     [id=17872, stack(0x000000f491400000,0x000000f491500000) (1024K)]
  0x00000216c15dea70 ConcurrentGCThread "G1 Main Marker"            [id=7600, stack(0x000000f491500000,0x000000f491600000) (1024K)]
  0x00000216c15dfec0 WorkerThread "G1 Conc#0"                       [id=26224, stack(0x000000f491600000,0x000000f491700000) (1024K)]

[error occurred during error reporting (printing all threads), id 0xc0000005, EXCEPTION_ACCESS_VIOLATION (0xc0000005) at pc=0x00007ff9b25ca4f7]
VM state: not at safepoint (not fully initialized)

VM Mutex/Monitor currently owned by a thread:  ([mutex/lock_event])
[0x00007ff9b2f33298] Heap_lock - owner thread: 0x00000216bf332d80

Heap address: 0x000000008ac00000, size: 1876 MB, Compressed Oops mode: 32-bit

CDS archive(s) mapped at: [0x0000000000000000-0x0000000000000000-0x0000000000000000), size 0, SharedBaseAddress: 0x0000000800000000, ArchiveRelocationMode: 1.
Narrow klass base: 0x0000000000000000, Narrow klass shift: 0, Narrow klass range: 0x0

GC Precious Log:
 CardTable entry size: 512
 Card Set container configuration: InlinePtr #cards 5 size 8 Array Of Cards #cards 12 size 40 Howl #buckets 4 coarsen threshold 1843 Howl Bitmap #cards 512 size 80 coarsen threshold 460 Card regions per heap region 1 cards per card region 2048

Heap:
 garbage-first heap   total 0K, used 0K [0x000000008ac00000, 0x0000000100000000)
  region size 1024K, 0 young (0K), 0 survivors (0K)

[error occurred during error reporting (printing heap information), id 0xc0000005, EXCEPTION_ACCESS_VIOLATION (0xc0000005) at pc=0x00007ff9b29b23c9]
GC Heap History (0 events):
No events

Dll operation events (1 events):
Event: 0.028 Loaded shared library C:\Program Files\Eclipse Adoptium\jdk-21.0.2.13-hotspot\bin\java.dll

Deoptimization events (0 events):
No events

Classes loaded (0 events):
No events

Classes unloaded (0 events):
No events

Classes redefined (0 events):
No events

Internal exceptions (0 events):
No events

ZGC Phase Switch (0 events):
No events

VM Operations (0 events):
No events

Events (0 events):
No events


Dynamic libraries:
0x00007ff622910000 - 0x00007ff62291e000 	C:\Program Files\Eclipse Adoptium\jdk-21.0.2.13-hotspot\bin\javaw.exe
0x00007ff9fdff0000 - 0x00007ff9fe207000 	C:\WINDOWS\SYSTEM32\ntdll.dll
0x00007ff9fd1a0000 - 0x00007ff9fd264000 	C:\WINDOWS\System32\KERNEL32.DLL
0x00007ff9fb3a0000 - 0x00007ff9fb75a000 	C:\WINDOWS\System32\KERNELBASE.dll
0x00007ff9fb760000 - 0x00007ff9fb871000 	C:\WINDOWS\System32\ucrtbase.dll
0x00007ff9e6590000 - 0x00007ff9e65a8000 	C:\Program Files\Eclipse Adoptium\jdk-21.0.2.13-hotspot\bin\jli.dll
0x00007ff9fcff0000 - 0x00007ff9fd19e000 	C:\WINDOWS\System32\USER32.dll
0x00007ff9fb2c0000 - 0x00007ff9fb2e6000 	C:\WINDOWS\System32\win32u.dll
0x00007ff9e65b0000 - 0x00007ff9e65cb000 	C:\Program Files\Eclipse Adoptium\jdk-21.0.2.13-hotspot\bin\VCRUNTIME140.dll
0x00007ff9dcbd0000 - 0x00007ff9dce62000 	C:\WINDOWS\WinSxS\amd64_microsoft.windows.common-controls_6595b64144ccf1df_6.0.22621.4541_none_2710d1c57384c085\COMCTL32.dll
0x00007ff9fbe10000 - 0x00007ff9fbe39000 	C:\WINDOWS\System32\GDI32.dll
0x00007ff9fdec0000 - 0x00007ff9fdf67000 	C:\WINDOWS\System32\msvcrt.dll
0x00007ff9fbb50000 - 0x00007ff9fbc6b000 	C:\WINDOWS\System32\gdi32full.dll
0x00007ff9fbab0000 - 0x00007ff9fbb4a000 	C:\WINDOWS\System32\msvcp_win.dll
0x00007ff9fd350000 - 0x00007ff9fd381000 	C:\WINDOWS\System32\IMM32.DLL
0x00007ff9e3880000 - 0x00007ff9e388c000 	C:\Program Files\Eclipse Adoptium\jdk-21.0.2.13-hotspot\bin\vcruntime140_1.dll
0x00007ff9bf450000 - 0x00007ff9bf4de000 	C:\Program Files\Eclipse Adoptium\jdk-21.0.2.13-hotspot\bin\msvcp140.dll
0x00007ff9b2290000 - 0x00007ff9b3013000 	C:\Program Files\Eclipse Adoptium\jdk-21.0.2.13-hotspot\bin\server\jvm.dll
0x00007ff9fc890000 - 0x00007ff9fc942000 	C:\WINDOWS\System32\ADVAPI32.dll
0x00007ff9fd3a0000 - 0x00007ff9fd447000 	C:\WINDOWS\System32\sechost.dll
0x00007ff9fb370000 - 0x00007ff9fb398000 	C:\WINDOWS\System32\bcrypt.dll
0x00007ff9fbcf0000 - 0x00007ff9fbe04000 	C:\WINDOWS\System32\RPCRT4.dll
0x00007ff9fd540000 - 0x00007ff9fd5b1000 	C:\WINDOWS\System32\WS2_32.dll
0x00007ff9fab40000 - 0x00007ff9fab8d000 	C:\WINDOWS\SYSTEM32\POWRPROF.dll
0x00007ff9f55b0000 - 0x00007ff9f55e4000 	C:\WINDOWS\SYSTEM32\WINMM.dll
0x00007ff9f2fb0000 - 0x00007ff9f2fba000 	C:\WINDOWS\SYSTEM32\VERSION.dll
0x00007ff9fab20000 - 0x00007ff9fab33000 	C:\WINDOWS\SYSTEM32\UMPDC.dll
0x00007ff9fa300000 - 0x00007ff9fa318000 	C:\WINDOWS\SYSTEM32\kernel.appcore.dll
0x00007ff9f5760000 - 0x00007ff9f576a000 	C:\Program Files\Eclipse Adoptium\jdk-21.0.2.13-hotspot\bin\jimage.dll
0x00007ff9efc10000 - 0x00007ff9efe42000 	C:\WINDOWS\SYSTEM32\DBGHELP.DLL
0x00007ff9fc000000 - 0x00007ff9fc38f000 	C:\WINDOWS\System32\combase.dll
0x00007ff9fd270000 - 0x00007ff9fd347000 	C:\WINDOWS\System32\OLEAUT32.dll
0x00007ff9de490000 - 0x00007ff9de4c2000 	C:\WINDOWS\SYSTEM32\dbgcore.DLL
0x00007ff9fb2f0000 - 0x00007ff9fb36b000 	C:\WINDOWS\System32\bcryptPrimitives.dll
0x00007ff9dd7e0000 - 0x00007ff9dd7ff000 	C:\Program Files\Eclipse Adoptium\jdk-21.0.2.13-hotspot\bin\java.dll

dbghelp: loaded successfully - version: 4.0.5 - missing functions: none
symbol engine: initialized successfully - sym options: 0x614 - pdb path: .;C:\Program Files\Eclipse Adoptium\jdk-21.0.2.13-hotspot\bin;C:\WINDOWS\SYSTEM32;C:\WINDOWS\WinSxS\amd64_microsoft.windows.common-controls_6595b64144ccf1df_6.0.22621.4541_none_2710d1c57384c085;C:\Program Files\Eclipse Adoptium\jdk-21.0.2.13-hotspot\bin\server

VM Arguments:
jvm_args: -ea --add-opens=CCC/test=org.junit.platform.commons,ALL-UNNAMED --add-modules=ALL-MODULE-PATH -Dfile.encoding=UTF-8 -Dstdout.encoding=UTF-8 -Dstderr.encoding=UTF-8 --module-path=C:\Users\HP\.p2\pool\plugins\junit-jupiter-api_5.11.0.jar;C:\Users\HP\.p2\pool\plugins\junit-jupiter-engine_5.11.0.jar;C:\Users\HP\.p2\pool\plugins\junit-jupiter-migrationsupport_5.11.0.jar;C:\Users\HP\.p2\pool\plugins\junit-jupiter-params_5.11.0.jar;C:\Users\HP\.p2\pool\plugins\junit-platform-commons_1.11.0.jar;C:\Users\HP\.p2\pool\plugins\junit-platform-engine_1.11.0.jar;C:\Users\HP\.p2\pool\plugins\junit-platform-launcher_1.11.0.jar;C:\Users\HP\.p2\pool\plugins\junit-platform-runner_1.11.0.jar;C:\Users\HP\.p2\pool\plugins\junit-platform-suite-api_1.11.0.jar;C:\Users\HP\.p2\pool\plugins\junit-platform-suite-engine_1.11.0.jar;C:\Users\HP\.p2\pool\plugins\junit-platform-suite-commons_1.11.0.jar;C:\Users\HP\.p2\pool\plugins\junit-vintage-engine_5.11.0.jar;C:\Users\HP\.p2\pool\plugins\org.opentest4j_1.3.0.jar;C:\Users\HP\.p2\pool\plugins\org.apiguardian.api_1.1.2.jar;C:\Users\HP\.p2\pool\plugins\org.junit_4.13.2.v20230809-1000.jar;C:\Users\HP\.p2\pool\plugins\org.hamcrest_3.0.0.jar;C:\Users\HP\.p2\pool\plugins\org.hamcrest.core_2.2.0.v20230809-1000.jar;C:\Users\HP\git\repository\CCCP\bin;D:\HP\Downloads\mockito-core-5.15.2.jar;D:\HP\Downloads\byte-buddy-1.15.11.jar;D:\HP\Downloads\byte-buddy-agent-1.15.11.jar -XX:+ShowCodeDetailsInExceptionMessages 
java_command: org.eclipse.jdt.internal.junit.runner.RemoteTestRunner -version 3 -port 55775 -testLoaderClass org.eclipse.jdt.internal.junit5.runner.JUnit5TestLoader -loaderpluginname org.eclipse.jdt.junit5.runtime -classNames test.ProductControllerTest
java_class_path (initial): D:\HP\Downloads\mysql-connector-j-9.1.0\mysql-connector-j-9.1.0\mysql-connector-j-9.1.0.jar;C:\Users\HP\eclipse\java-2024-09\eclipse\configuration\org.eclipse.osgi\250\0\.cp;C:\Users\HP\eclipse\java-2024-09\eclipse\configuration\org.eclipse.osgi\248\0\.cp;C:\Users\HP\eclipse\java-2024-09\eclipse\configuration\org.eclipse.osgi\33\0\.cp;C:\Users\HP\eclipse\java-2024-09\eclipse\configuration\org.eclipse.osgi\28\0\.cp;C:\Users\HP\eclipse\java-2024-09\eclipse\configuration\org.eclipse.osgi\27\0\.cp
Launcher Type: SUN_STANDARD

[Global flags]
     intx CICompilerCount                          = 12                                        {product} {ergonomic}
     uint ConcGCThreads                            = 3                                         {product} {ergonomic}
     uint G1ConcRefinementThreads                  = 13                                        {product} {ergonomic}
   size_t G1HeapRegionSize                         = 1048576                                   {product} {ergonomic}
    uintx GCDrainStackTargetSize                   = 64                                        {product} {ergonomic}
   size_t InitialHeapSize                          = 123731968                                 {product} {ergonomic}
   size_t MarkStackSize                            = 4194304                                   {product} {ergonomic}
   size_t MaxHeapSize                              = 1967128576                                {product} {ergonomic}
   size_t MinHeapDeltaBytes                        = 1048576                                   {product} {ergonomic}
   size_t MinHeapSize                              = 8388608                                   {product} {ergonomic}
    uintx NonNMethodCodeHeapSize                   = 7602480                                {pd product} {ergonomic}
    uintx NonProfiledCodeHeapSize                  = 122027880                              {pd product} {ergonomic}
    uintx ProfiledCodeHeapSize                     = 122027880                              {pd product} {ergonomic}
    uintx ReservedCodeCacheSize                    = 251658240                              {pd product} {ergonomic}
     bool SegmentedCodeCache                       = true                                      {product} {ergonomic}
     bool ShowCodeDetailsInExceptionMessages       = true                                   {manageable} {command line}
   size_t SoftMaxHeapSize                          = 1967128576                             {manageable} {ergonomic}
     bool UseCompressedOops                        = true                           {product lp64_product} {ergonomic}
     bool UseG1GC                                  = true                                      {product} {ergonomic}
     bool UseLargePagesIndividualAllocation        = false                                  {pd product} {ergonomic}

Logging:
Log output configuration:
 #0: stdout all=warning uptime,level,tags foldmultilines=false
 #1: stderr all=off uptime,level,tags foldmultilines=false

Environment Variables:
PATH=C:/Program Files/Eclipse Adoptium/jdk-21.0.2.13-hotspot/bin/server;C:/Program Files/Eclipse Adoptium/jdk-21.0.2.13-hotspot/bin;C:\Program Files\Eclipse Adoptium\jdk-21.0.2.13-hotspot\bin;C:\WINDOWS\system32;C:\WINDOWS;C:\WINDOWS\System32\Wbem;C:\WINDOWS\System32\WindowsPowerShell\v1.0\;C:\WINDOWS\System32\OpenSSH\;C:\Program Files\Microsoft SQL Server\150\Tools\Binn\;C:\Program Files\Microsoft SQL Server\Client SDK\ODBC\170\Tools\Binn\;C:\Program Files\MySQL\MySQL Server 8.0\bin;C:\Program Files (x86)\Microsoft SQL Server\160\Tools\Binn\;C:\Program Files\Microsoft SQL Server\160\Tools\Binn\;C:\Program Files\Microsoft SQL Server\160\DTS\Binn\;C:\Program Files\Azure Data Studio\bin;D:\Git\cmd;D:\Git\bin;D:\src\flutter\bin;C:\ProgramData\ComposerSetup\bin;C:\Program Files (x86)\Microsoft SQL Server\160\DTS\Binn\;D:\;C:\Program Files\HP\HP One Agent;C:\Users\HP\AppData\Local\Pub\Cache\bin;C:\Users\HP\AppData\Local\Programs\Python\Python311\Scripts\;C:\Users\HP\AppData\Local\Programs\Python\Python311\;C:\Users\HP\AppData\Local\Microsoft\WindowsApps;C:\Users\HP\AppData\Local\Programs\Microsoft VS Code\bin;C:\Program Files\JetBrains\IntelliJ IDEA Community Edition 2023.1\bin;C:\Program Files\JetBrains\PyCharm 2023.1.3\bin;C:\Program Files\JetBrains\PyCharm Community Edition 2023.1.3\bin;C:\Users\HP\.dotnet\tools;C:\Program Files\Azure Data Studio\bin;C:\xampp\php;C:\Users\HP\AppData\Roaming\Composer\vendor\bin;C:\Users\HP\AppData\Roaming\npm;D:\PhpStorm 2023.3.4\bin;C:\Users\HP\AppData\Local\GitHubDesktop\bin;C:\Users\HP\AppData\Local\Pub\Cache\bin;C:\Users\HP\AppData\Local\gitkraken\bin;C:\WINDOWS\System32;
USERNAME=HP
OS=Windows_NT
PROCESSOR_IDENTIFIER=AMD64 Family 23 Model 104 Stepping 1, AuthenticAMD
TMP=C:\Users\HP\AppData\Local\Temp
TEMP=C:\Users\HP\AppData\Local\Temp




Periodic native trim disabled

---------------  S Y S T E M  ---------------

OS:
 Windows 11 , 64 bit Build 22621 (10.0.22621.4391)
OS uptime: 10 days 6:48 hours

CPU: total 16 (initial active 16) (16 cores per cpu, 2 threads per core) family 23 model 104 stepping 1 microcode 0x0, cx8, cmov, fxsr, ht, mmx, 3dnowpref, sse, sse2, sse3, ssse3, sse4a, sse4.1, sse4.2, popcnt, lzcnt, tsc, tscinvbit, avx, avx2, aes, clmul, bmi1, bmi2, adx, sha, fma, vzeroupper, clflush, clflushopt, rdtscp, rdpid, f16c
Processor Information for all 16 processors :
  Max Mhz: 1801, Current Mhz: 1801, Mhz Limit: 1801

Memory: 4k page, system-wide physical 7501M (316M free)
TotalPageFile size 23187M (AvailPageFile size 204M)
current process WorkingSet (physical memory assigned to process): 11M, peak: 11M
current process commit charge ("private bytes"): 70M, peak: 188M

vm_info: OpenJDK 64-Bit Server VM (21.0.2+13-LTS) for windows-amd64 JRE (21.0.2+13-LTS), built on 2024-01-16T00:00:00Z by "admin" with unknown MS VC++:1937

END.
